ibloomberg/build/outputs/logs/manifest-merger-debug-report.txt
-- Merging decision tree log ---
manifest
ADDED from src/main/AndroidManifest.xml:2:1-279:12
	package
		ADDED from src/main/AndroidManifest.xml:4:5-46
		INJECTED from src/main/AndroidManifest.xml
		INJECTED from src/main/AndroidManifest.xml
	android:versionName
		ADDED from src/main/AndroidManifest.xml:6:5-32
	xmlns:tools
		ADDED from src/main/AndroidManifest.xml:3:5-51
	android:versionCode
		ADDED from src/main/AndroidManifest.xml:5:5-29
		INJECTED from src/main/AndroidManifest.xml
		INJECTED from src/main/AndroidManifest.xml
	xmlns:android
		ADDED from src/main/AndroidManifest.xml:2:11-69
uses-sdk
ADDED from src/main/AndroidManifest.xml:8:5-10:41
MERGED from [businessweek_tag:modernMediaViews:unspecified] AndroidManifest.xml:7:5-9:41
MERGED from [businessweek_tag:commonLib:unspecified] AndroidManifest.xml:7:5-9:41
MERGED from [businessweek_tag:coreLib:unspecified] AndroidManifest.xml:7:5-9:41
MERGED from [com.android.support:support-v4:20.0.0] AndroidManifest.xml:16:5-42
MERGED from [businessweek_tag:modernMediaUserModel:unspecified] AndroidManifest.xml:7:5-9:41
MERGED from [businessweek_tag:commonLib:unspecified] AndroidManifest.xml:7:5-9:41
MERGED from [businessweek_tag:coreLib:unspecified] AndroidManifest.xml:7:5-9:41
MERGED from [com.android.support:support-v4:20.0.0] AndroidManifest.xml:16:5-42
	android:targetSdkVersion
		ADDED from src/main/AndroidManifest.xml:10:9-38
		INJECTED from src/main/AndroidManifest.xml
		INJECTED from src/main/AndroidManifest.xml
	android:minSdkVersion
		ADDED from src/main/AndroidManifest.xml:9:9-35
		INJECTED from src/main/AndroidManifest.xml
		INJECTED from src/main/AndroidManifest.xml
supports-screens
ADDED from src/main/AndroidManifest.xml:12:5-16:39
	android:largeScreens
		ADDED from src/main/AndroidManifest.xml:14:9-36
	android:smallScreens
		ADDED from src/main/AndroidManifest.xml:16:9-36
	android:normalScreens
		ADDED from src/main/AndroidManifest.xml:15:9-37
	android:anyDensity
		ADDED from src/main/AndroidManifest.xml:13:9-34
uses-permission#android.permission.INTERNET
ADDED from src/main/AndroidManifest.xml:18:5-67
	android:name
		ADDED from src/main/AndroidManifest.xml:18:22-64
uses-permission#android.permission.ACCESS_NETWORK_STATE
ADDED from src/main/AndroidManifest.xml:19:5-79
	android:name
		ADDED from src/main/AndroidManifest.xml:19:22-76
uses-permission#android.permission.WRITE_EXTERNAL_STORAGE
ADDED from src/main/AndroidManifest.xml:20:5-81
	android:name
		ADDED from src/main/AndroidManifest.xml:20:22-78
uses-permission#android.permission.READ_PHONE_STATE
ADDED from src/main/AndroidManifest.xml:21:5-75
	android:name
		ADDED from src/main/AndroidManifest.xml:21:22-72
uses-permission#android.permission.READ_LOGS
ADDED from src/main/AndroidManifest.xml:22:5-68
	android:name
		ADDED from src/main/AndroidManifest.xml:22:22-65
uses-permission#android.permission.VIBRATE
ADDED from src/main/AndroidManifest.xml:23:5-66
	android:name
		ADDED from src/main/AndroidManifest.xml:23:22-63
uses-permission#android.permission.FLASHLIGHT
ADDED from src/main/AndroidManifest.xml:24:5-69
	android:name
		ADDED from src/main/AndroidManifest.xml:24:22-66
uses-permission#android.permission.WAKE_LOCK
ADDED from src/main/AndroidManifest.xml:25:5-68
	android:name
		ADDED from src/main/AndroidManifest.xml:25:22-65
uses-permission#android.permission.PERMISSION_NAME
ADDED from src/main/AndroidManifest.xml:26:5-74
	android:name
		ADDED from src/main/AndroidManifest.xml:26:22-71
uses-permission#android.permission.RECEIVE_BOOT_COMPLETED
ADDED from src/main/AndroidManifest.xml:27:5-81
	android:name
		ADDED from src/main/AndroidManifest.xml:27:22-78
uses-permission#android.permission.ACCESS_COARSE_LOCATION
ADDED from src/main/AndroidManifest.xml:28:5-81
	android:name
		ADDED from src/main/AndroidManifest.xml:28:22-78
uses-permission#android.permission.GET_TASKS
ADDED from src/main/AndroidManifest.xml:29:5-68
	android:name
		ADDED from src/main/AndroidManifest.xml:29:22-65
uses-permission#android.permission.ACCESS_WIFI_STATE
ADDED from src/main/AndroidManifest.xml:30:5-76
	android:name
		ADDED from src/main/AndroidManifest.xml:30:22-73
uses-permission#android.permission.MOUNT_UNMOUNT_FILESYSTEMS
ADDED from src/main/AndroidManifest.xml:32:5-84
	android:name
		ADDED from src/main/AndroidManifest.xml:32:22-81
uses-permission#android.permission.READ_EXTERNAL_STORAGE
ADDED from src/main/AndroidManifest.xml:33:5-80
	android:name
		ADDED from src/main/AndroidManifest.xml:33:22-77
uses-permission#android.permission.CAMERA
ADDED from src/main/AndroidManifest.xml:34:5-65
	android:name
		ADDED from src/main/AndroidManifest.xml:34:22-62
uses-feature#android.hardware.camera
ADDED from src/main/AndroidManifest.xml:36:5-60
	android:name
		ADDED from src/main/AndroidManifest.xml:36:19-57
uses-feature#android.hardware.camera.autofocus
ADDED from src/main/AndroidManifest.xml:37:5-70
	android:name
		ADDED from src/main/AndroidManifest.xml:37:19-67
application
ADDED from src/main/AndroidManifest.xml:39:5-277:19
MERGED from [businessweek_tag:modernMediaViews:unspecified] AndroidManifest.xml:11:5-15:19
MERGED from [businessweek_tag:commonLib:unspecified] AndroidManifest.xml:11:5-20
MERGED from [businessweek_tag:coreLib:unspecified] AndroidManifest.xml:11:5-15:19
MERGED from [com.android.support:support-v4:20.0.0] AndroidManifest.xml:17:5-19
MERGED from [businessweek_tag:modernMediaUserModel:unspecified] AndroidManifest.xml:11:5-20
MERGED from [businessweek_tag:commonLib:unspecified] AndroidManifest.xml:11:5-20
MERGED from [businessweek_tag:coreLib:unspecified] AndroidManifest.xml:11:5-15:19
MERGED from [com.android.support:support-v4:20.0.0] AndroidManifest.xml:17:5-19
	android:label
		ADDED from src/main/AndroidManifest.xml:43:9-41
	android:debuggable
		ADDED from src/main/AndroidManifest.xml:41:9-35
	tools:ignore
		ADDED from src/main/AndroidManifest.xml:44:9-42
	android:icon
		ADDED from src/main/AndroidManifest.xml:42:9-38
	android:allowBackup
		ADDED from [businessweek_tag:modernMediaViews:unspecified] AndroidManifest.xml:12:9-35
	android:theme
		ADDED from [businessweek_tag:modernMediaViews:unspecified] AndroidManifest.xml:14:9-40
	android:name
		ADDED from src/main/AndroidManifest.xml:40:9-69
activity#cn.com.modernmedia.businessweek.SplashScreenActivity
ADDED from src/main/AndroidManifest.xml:45:9-62:20
	android:screenOrientation
		ADDED from src/main/AndroidManifest.xml:47:13-49
	android:theme
		ADDED from src/main/AndroidManifest.xml:48:13-72
	android:name
		ADDED from src/main/AndroidManifest.xml:46:13-80
intent-filter#android.intent.action.MAIN+android.intent.category.LAUNCHER
ADDED from src/main/AndroidManifest.xml:49:13-53:29
action#android.intent.action.MAIN
ADDED from src/main/AndroidManifest.xml:50:17-69
	android:name
		ADDED from src/main/AndroidManifest.xml:50:25-66
category#android.intent.category.LAUNCHER
ADDED from src/main/AndroidManifest.xml:52:17-77
	android:name
		ADDED from src/main/AndroidManifest.xml:52:27-74
intent-filter#android.intent.action.VIEW+android.intent.category.BROWSABLE+android.intent.category.DEFAULT
ADDED from src/main/AndroidManifest.xml:54:13-61:29
data
ADDED from src/main/AndroidManifest.xml:55:17-48
	android:scheme
		ADDED from src/main/AndroidManifest.xml:55:23-45
action#android.intent.action.VIEW
ADDED from src/main/AndroidManifest.xml:57:17-69
	android:name
		ADDED from src/main/AndroidManifest.xml:57:25-66
category#android.intent.category.DEFAULT
ADDED from src/main/AndroidManifest.xml:59:17-76
	android:name
		ADDED from src/main/AndroidManifest.xml:59:27-73
category#android.intent.category.BROWSABLE
ADDED from src/main/AndroidManifest.xml:60:17-78
	android:name
		ADDED from src/main/AndroidManifest.xml:60:27-75
activity#cn.com.modernmedia.businessweek.wxapi.WXEntryActivity
ADDED from src/main/AndroidManifest.xml:63:9-67:64
	android:launchMode
		ADDED from src/main/AndroidManifest.xml:66:13-44
	android:exported
		ADDED from src/main/AndroidManifest.xml:65:13-36
	android:theme
		ADDED from src/main/AndroidManifest.xml:67:13-61
	android:name
		ADDED from src/main/AndroidManifest.xml:64:13-50
activity#cn.com.modernmedia.businessweek.wxapi.WXPayEntryActivity
ADDED from src/main/AndroidManifest.xml:68:9-72:64
	android:launchMode
		ADDED from src/main/AndroidManifest.xml:71:13-44
	android:exported
		ADDED from src/main/AndroidManifest.xml:70:13-36
	android:theme
		ADDED from src/main/AndroidManifest.xml:72:13-61
	android:name
		ADDED from src/main/AndroidManifest.xml:69:13-53
activity#cn.com.modernmedia.businessweek.MainActivity
ADDED from src/main/AndroidManifest.xml:73:9-86:20
	android:screenOrientation
		ADDED from src/main/AndroidManifest.xml:77:13-49
	android:launchMode
		ADDED from src/main/AndroidManifest.xml:76:13-44
	android:exported
		ADDED from src/main/AndroidManifest.xml:75:13-36
	android:name
		ADDED from src/main/AndroidManifest.xml:74:13-72
activity#cn.com.modernmedia.views.ArticleActivity
ADDED from src/main/AndroidManifest.xml:87:9-98:20
	android:screenOrientation
		ADDED from src/main/AndroidManifest.xml:89:13-49
	android:name
		ADDED from src/main/AndroidManifest.xml:88:13-68
activity#cn.com.modernmedia.views.PushArticleActivity
ADDED from src/main/AndroidManifest.xml:99:9-101:52
	android:screenOrientation
		ADDED from src/main/AndroidManifest.xml:101:13-49
	android:name
		ADDED from src/main/AndroidManifest.xml:100:13-72
activity#cn.com.modernmedia.views.AboutActivity
ADDED from src/main/AndroidManifest.xml:102:9-104:52
	android:screenOrientation
		ADDED from src/main/AndroidManifest.xml:104:13-49
	android:name
		ADDED from src/main/AndroidManifest.xml:103:13-66
activity#cn.com.modernmedia.views.SelectColumnActivity
ADDED from src/main/AndroidManifest.xml:105:9-107:52
	android:screenOrientation
		ADDED from src/main/AndroidManifest.xml:107:13-49
	android:name
		ADDED from src/main/AndroidManifest.xml:106:13-73
activity#cn.com.modernmedia.views.SelectChildColumnActivity
ADDED from src/main/AndroidManifest.xml:108:9-110:52
	android:screenOrientation
		ADDED from src/main/AndroidManifest.xml:110:13-49
	android:name
		ADDED from src/main/AndroidManifest.xml:109:13-78
activity#cn.com.modernmedia.views.FavoritesActivity
ADDED from src/main/AndroidManifest.xml:111:9-113:52
	android:screenOrientation
		ADDED from src/main/AndroidManifest.xml:113:13-49
	android:name
		ADDED from src/main/AndroidManifest.xml:112:13-70
activity#cn.com.modernmediausermodel.LoginActivity
ADDED from src/main/AndroidManifest.xml:114:9-126:20
	android:screenOrientation
		ADDED from src/main/AndroidManifest.xml:117:13-49
	android:launchMode
		ADDED from src/main/AndroidManifest.xml:116:13-48
	android:windowSoftInputMode
		ADDED from src/main/AndroidManifest.xml:118:13-52
	android:name
		ADDED from src/main/AndroidManifest.xml:115:13-69
intent-filter#android.intent.action.SEND+android.intent.category.DEFAULT
ADDED from src/main/AndroidManifest.xml:119:13-125:29
action#android.intent.action.SEND
ADDED from src/main/AndroidManifest.xml:122:17-69
	android:name
		ADDED from src/main/AndroidManifest.xml:122:25-66
activity#cn.com.modernmediausermodel.RegisterActivity
ADDED from src/main/AndroidManifest.xml:127:9-129:52
	android:screenOrientation
		ADDED from src/main/AndroidManifest.xml:129:13-49
	android:name
		ADDED from src/main/AndroidManifest.xml:128:13-72
activity#cn.com.modernmediausermodel.UserInfoActivity
ADDED from src/main/AndroidManifest.xml:130:9-132:52
	android:screenOrientation
		ADDED from src/main/AndroidManifest.xml:132:13-49
	android:name
		ADDED from src/main/AndroidManifest.xml:131:13-72
activity#cn.com.modernmedia.CommonAdvActivity
ADDED from src/main/AndroidManifest.xml:133:9-135:52
	android:screenOrientation
		ADDED from src/main/AndroidManifest.xml:135:13-49
	android:name
		ADDED from src/main/AndroidManifest.xml:134:13-64
activity#cn.com.modernmediausermodel.ModifyPwdActivity
ADDED from src/main/AndroidManifest.xml:136:9-138:52
	android:screenOrientation
		ADDED from src/main/AndroidManifest.xml:138:13-49
	android:name
		ADDED from src/main/AndroidManifest.xml:137:13-73
activity#cn.com.modernmediausermodel.RecommendUserActivity
ADDED from src/main/AndroidManifest.xml:139:9-141:52
	android:screenOrientation
		ADDED from src/main/AndroidManifest.xml:141:13-49
	android:name
		ADDED from src/main/AndroidManifest.xml:140:13-77
activity#cn.com.modernmediausermodel.UserCardInfoActivity
ADDED from src/main/AndroidManifest.xml:142:9-144:52
	android:screenOrientation
		ADDED from src/main/AndroidManifest.xml:144:13-49
	android:name
		ADDED from src/main/AndroidManifest.xml:143:13-76
activity#cn.com.modernmediausermodel.SquareActivity
ADDED from src/main/AndroidManifest.xml:145:9-147:52
	android:screenOrientation
		ADDED from src/main/AndroidManifest.xml:147:13-49
	android:name
		ADDED from src/main/AndroidManifest.xml:146:13-70
activity#cn.com.modernmediausermodel.CardDetailActivity
ADDED from src/main/AndroidManifest.xml:148:9-150:52
	android:screenOrientation
		ADDED from src/main/AndroidManifest.xml:150:13-49
	android:name
		ADDED from src/main/AndroidManifest.xml:149:13-74
activity#cn.com.modernmediausermodel.UserCenterActivity
ADDED from src/main/AndroidManifest.xml:151:9-153:52
	android:screenOrientation
		ADDED from src/main/AndroidManifest.xml:153:13-49
	android:name
		ADDED from src/main/AndroidManifest.xml:152:13-74
activity#cn.com.modernmediausermodel.MyHomePageActivity
ADDED from src/main/AndroidManifest.xml:154:9-156:52
	android:screenOrientation
		ADDED from src/main/AndroidManifest.xml:156:13-49
	android:name
		ADDED from src/main/AndroidManifest.xml:155:13-74
activity#cn.com.modernmediausermodel.MessageActivity
ADDED from src/main/AndroidManifest.xml:157:9-159:52
	android:screenOrientation
		ADDED from src/main/AndroidManifest.xml:159:13-49
	android:name
		ADDED from src/main/AndroidManifest.xml:158:13-71
activity#cn.com.modernmediausermodel.WriteCommentActivity
ADDED from src/main/AndroidManifest.xml:160:9-163:58
	android:screenOrientation
		ADDED from src/main/AndroidManifest.xml:162:13-49
	android:windowSoftInputMode
		ADDED from src/main/AndroidManifest.xml:163:13-55
	android:name
		ADDED from src/main/AndroidManifest.xml:161:13-76
activity#cn.com.modernmediausermodel.WriteNewCardActivity
ADDED from src/main/AndroidManifest.xml:164:9-174:20
	android:screenOrientation
		ADDED from src/main/AndroidManifest.xml:167:13-49
	android:launchMode
		ADDED from src/main/AndroidManifest.xml:166:13-48
	android:windowSoftInputMode
		ADDED from src/main/AndroidManifest.xml:168:13-55
	android:name
		ADDED from src/main/AndroidManifest.xml:165:13-76
intent-filter#android.intent.category.DEFAULT+com.sina.weibo.sdk.action.ACTION_SDK_REQ_ACTIVITY
ADDED from src/main/AndroidManifest.xml:169:13-173:29
action#com.sina.weibo.sdk.action.ACTION_SDK_REQ_ACTIVITY
ADDED from src/main/AndroidManifest.xml:170:17-92
	android:name
		ADDED from src/main/AndroidManifest.xml:170:25-89
activity#cn.com.modernmedia.VideoPlayerActivity
ADDED from src/main/AndroidManifest.xml:175:9-180:20
	android:label
		ADDED from src/main/AndroidManifest.xml:178:13-45
	android:configChanges
		ADDED from src/main/AndroidManifest.xml:177:13-63
	android:theme
		ADDED from src/main/AndroidManifest.xml:179:13-60
	android:name
		ADDED from src/main/AndroidManifest.xml:176:13-66
activity#cn.com.modernmediausermodel.MyCoinUseNoticeActivity
ADDED from src/main/AndroidManifest.xml:181:9-183:52
	android:screenOrientation
		ADDED from src/main/AndroidManifest.xml:183:13-49
	android:name
		ADDED from src/main/AndroidManifest.xml:182:13-79
activity#cn.com.modernmediausermodel.MyCoinActivity
ADDED from src/main/AndroidManifest.xml:184:9-186:52
	android:screenOrientation
		ADDED from src/main/AndroidManifest.xml:186:13-49
	android:name
		ADDED from src/main/AndroidManifest.xml:185:13-70
activity#cn.com.modernmediausermodel.ModifyEmailActivity
ADDED from src/main/AndroidManifest.xml:187:9-189:52
	android:screenOrientation
		ADDED from src/main/AndroidManifest.xml:189:13-49
	android:name
		ADDED from src/main/AndroidManifest.xml:188:13-75
activity#cn.com.modernmediausermodel.SettingActivity
ADDED from src/main/AndroidManifest.xml:190:9-193:75
	android:screenOrientation
		ADDED from src/main/AndroidManifest.xml:192:13-49
	android:theme
		ADDED from src/main/AndroidManifest.xml:193:13-72
	android:name
		ADDED from src/main/AndroidManifest.xml:191:13-71
activity#cn.com.modernmediausermodel.FeedBackActivity
ADDED from src/main/AndroidManifest.xml:194:9-196:52
	android:screenOrientation
		ADDED from src/main/AndroidManifest.xml:196:13-49
	android:name
		ADDED from src/main/AndroidManifest.xml:195:13-72
activity#cn.com.modernmediausermodel.BandDetailActivity
ADDED from src/main/AndroidManifest.xml:197:9-199:52
	android:screenOrientation
		ADDED from src/main/AndroidManifest.xml:199:13-49
	android:name
		ADDED from src/main/AndroidManifest.xml:198:13-74
activity#cn.com.modernmediausermodel.TestActivity
ADDED from src/main/AndroidManifest.xml:200:9-202:52
	android:screenOrientation
		ADDED from src/main/AndroidManifest.xml:202:13-49
	android:name
		ADDED from src/main/AndroidManifest.xml:201:13-68
activity#cn.com.modernmediausermodel.ForgetPwdActivity
ADDED from src/main/AndroidManifest.xml:203:9-205:52
	android:screenOrientation
		ADDED from src/main/AndroidManifest.xml:205:13-49
	android:name
		ADDED from src/main/AndroidManifest.xml:204:13-73
activity#cn.com.modernmediausermodel.ArticleCardListActivity
ADDED from src/main/AndroidManifest.xml:206:9-208:52
	android:screenOrientation
		ADDED from src/main/AndroidManifest.xml:208:13-49
	android:name
		ADDED from src/main/AndroidManifest.xml:207:13-79
service#com.parse.PushService
ADDED from src/main/AndroidManifest.xml:210:9-57
	android:name
		ADDED from src/main/AndroidManifest.xml:210:18-54
receiver#com.parse.ParseBroadcastReceiver
ADDED from src/main/AndroidManifest.xml:212:9-217:20
	android:name
		ADDED from src/main/AndroidManifest.xml:212:19-66
intent-filter#android.intent.action.BOOT_COMPLETED+android.intent.action.USER_PRESENT
ADDED from src/main/AndroidManifest.xml:213:13-216:29
action#android.intent.action.BOOT_COMPLETED
ADDED from src/main/AndroidManifest.xml:214:17-79
	android:name
		ADDED from src/main/AndroidManifest.xml:214:25-76
action#android.intent.action.USER_PRESENT
ADDED from src/main/AndroidManifest.xml:215:17-77
	android:name
		ADDED from src/main/AndroidManifest.xml:215:25-74
meta-data#UMENG_CHANNEL
ADDED from src/main/AndroidManifest.xml:219:9-222:21
	android:value
		ADDED from src/main/AndroidManifest.xml:221:13-35
	android:name
		ADDED from src/main/AndroidManifest.xml:220:13-41
activity#com.tencent.tauth.AuthActivity
ADDED from src/main/AndroidManifest.xml:224:9-236:20
	android:launchMode
		ADDED from src/main/AndroidManifest.xml:226:13-44
	android:noHistory
		ADDED from src/main/AndroidManifest.xml:227:13-37
	android:name
		ADDED from src/main/AndroidManifest.xml:225:13-58
activity#com.tencent.connect.common.AssistActivity
ADDED from src/main/AndroidManifest.xml:237:9-240:75
	android:screenOrientation
		ADDED from src/main/AndroidManifest.xml:239:13-49
	android:theme
		ADDED from src/main/AndroidManifest.xml:240:13-72
	android:name
		ADDED from src/main/AndroidManifest.xml:238:13-69
activity#cn.com.modernmedia.pay.PayActivity
ADDED from src/main/AndroidManifest.xml:243:9-245:52
	android:screenOrientation
		ADDED from src/main/AndroidManifest.xml:245:13-49
	android:name
		ADDED from src/main/AndroidManifest.xml:244:13-62
activity#com.alipay.sdk.app.H5PayActivity
ADDED from src/main/AndroidManifest.xml:246:9-251:20
	android:screenOrientation
		ADDED from src/main/AndroidManifest.xml:250:13-47
	android:exported
		ADDED from src/main/AndroidManifest.xml:249:13-37
	android:configChanges
		ADDED from src/main/AndroidManifest.xml:248:13-74
	android:name
		ADDED from src/main/AndroidManifest.xml:247:13-60
activity#com.alipay.sdk.auth.AuthActivity
ADDED from src/main/AndroidManifest.xml:252:9-257:20
	android:screenOrientation
		ADDED from src/main/AndroidManifest.xml:256:13-47
	android:exported
		ADDED from src/main/AndroidManifest.xml:255:13-37
	android:configChanges
		ADDED from src/main/AndroidManifest.xml:254:13-74
	android:name
		ADDED from src/main/AndroidManifest.xml:253:13-60
receiver#cn.com.modernmediausermodel.BroadcastReceiver.PayToLoginReceiver
ADDED from src/main/AndroidManifest.xml:259:9-263:20
	android:name
		ADDED from src/main/AndroidManifest.xml:259:19-98
intent-filter#cn.com.modernmediausermodel.LoginActivity
ADDED from src/main/AndroidManifest.xml:260:13-262:29
action#cn.com.modernmediausermodel.LoginActivity
ADDED from src/main/AndroidManifest.xml:261:17-84
	android:name
		ADDED from src/main/AndroidManifest.xml:261:25-81
activity#cn.com.modernmedia.views.column.book.BookActivity
ADDED from src/main/AndroidManifest.xml:265:9-268:63
	android:screenOrientation
		ADDED from src/main/AndroidManifest.xml:267:13-49
	android:theme
		ADDED from src/main/AndroidManifest.xml:268:13-60
	android:name
		ADDED from src/main/AndroidManifest.xml:266:13-77
activity#cn.com.modernmedia.views.column.book.BookColumnActivity
ADDED from src/main/AndroidManifest.xml:269:9-272:63
	android:screenOrientation
		ADDED from src/main/AndroidManifest.xml:271:13-49
	android:theme
		ADDED from src/main/AndroidManifest.xml:272:13-60
	android:name
		ADDED from src/main/AndroidManifest.xml:270:13-83
activity#cn.com.modernmedia.zxing.activity.CaptureActivity
ADDED from src/main/AndroidManifest.xml:273:9-276:63
	android:screenOrientation
		ADDED from src/main/AndroidManifest.xml:275:13-49
	android:theme
		ADDED from src/main/AndroidManifest.xml:276:13-60
	android:name
		ADDED from src/main/AndroidManifest.xml:274:13-77